cabal: Entering directory '/tmp/cabal-tmp-3621/aeson-0.11.2.0'
Configuring aeson-0.11.2.0...
Building aeson-0.11.2.0...
Preprocessing library aeson-0.11.2.0...
[ 1 of 16] Compiling Data.Aeson.Functions ( Data/Aeson/Functions.hs, dist/dist-sandbox-919b2384/build/Data/Aeson/Functions.o )
[ 2 of 16] Compiling Data.Aeson.Internal.Time ( Data/Aeson/Internal/Time.hs, dist/dist-sandbox-919b2384/build/Data/Aeson/Internal/Time.o )
[ 3 of 16] Compiling Data.Aeson.Types.Internal ( Data/Aeson/Types/Internal.hs, dist/dist-sandbox-919b2384/build/Data/Aeson/Types/Internal.o )
[ 4 of 16] Compiling Data.Aeson.Encode.Builder ( Data/Aeson/Encode/Builder.hs, dist/dist-sandbox-919b2384/build/Data/Aeson/Encode/Builder.o )
[ 5 of 16] Compiling Data.Aeson.Types.Class ( Data/Aeson/Types/Class.hs, dist/dist-sandbox-919b2384/build/Data/Aeson/Types/Class.o )
[ 6 of 16] Compiling Data.Aeson.Encode.Functions ( Data/Aeson/Encode/Functions.hs, dist/dist-sandbox-919b2384/build/Data/Aeson/Encode/Functions.o )
[ 7 of 16] Compiling Data.Aeson.Parser.Time ( Data/Aeson/Parser/Time.hs, dist/dist-sandbox-919b2384/build/Data/Aeson/Parser/Time.o )
[ 8 of 16] Compiling Data.Aeson.Types.Instances ( Data/Aeson/Types/Instances.hs, dist/dist-sandbox-919b2384/build/Data/Aeson/Types/Instances.o )
[ 9 of 16] Compiling Data.Aeson.Internal ( Data/Aeson/Internal.hs, dist/dist-sandbox-919b2384/build/Data/Aeson/Internal.o )
[10 of 16] Compiling Data.Aeson.Types.Generic ( Data/Aeson/Types/Generic.hs, dist/dist-sandbox-919b2384/build/Data/Aeson/Types/Generic.o )

Data/Aeson/Types/Generic.hs:81:10: warning: [-Wredundant-constraints]
    • Redundant constraint: AllNullary (a :+: b) allNullary
    • In the instance declaration for ‘GToJSON (a :+: b)’

Data/Aeson/Types/Generic.hs:116:10: warning: [-Wredundant-constraints]
    • Redundant constraint: AllNullary (a :+: b) allNullary
    • In the instance declaration for ‘GToEncoding (a :+: b)’

Data/Aeson/Types/Generic.hs:510:10: warning: [-Wredundant-constraints]
    • Redundant constraint: AllNullary (a :+: b) allNullary
    • In the instance declaration for ‘GFromJSON (a :+: b)’

Data/Aeson/Types/Generic.hs:616:10: warning: [-Wredundant-constraints]
    • Redundant constraint: IsRecord f isRecord
    • In the instance declaration for ‘FromTaggedObject' f’

Data/Aeson/Types/Generic.hs:739:10: warning: [-Wredundant-constraints]
    • Redundant constraint: IsRecord f isRecord
    • In the instance declaration for ‘IsRecord (f :*: g) isRecord’

Data/Aeson/Types/Generic.hs:746:10: warning: [-Wredundant-constraints]
    • Redundant constraint: IsRecord f isRecord
    • In the instance declaration for ‘IsRecord (M1 S c f) isRecord’

Data/Aeson/Types/Generic.hs:755:10: warning: [-Wredundant-constraints]
    • Redundant constraints: (AllNullary a allNullaryL,
                              AllNullary b allNullaryR,
                              And allNullaryL allNullaryR allNullary)
    • In the instance declaration for ‘AllNullary (a :+: b) allNullary’

Data/Aeson/Types/Generic.hs:759:10: warning: [-Wredundant-constraints]
    • Redundant constraint: AllNullary a allNullary
    • In the instance declaration for
        ‘AllNullary (M1 i c a) allNullary’
[11 of 16] Compiling Data.Aeson.Types ( Data/Aeson/Types.hs, dist/dist-sandbox-919b2384/build/Data/Aeson/Types.o )
[12 of 16] Compiling Data.Aeson.Parser.Internal ( Data/Aeson/Parser/Internal.hs, dist/dist-sandbox-919b2384/build/Data/Aeson/Parser/Internal.o )
[13 of 16] Compiling Data.Aeson.Parser ( Data/Aeson/Parser.hs, dist/dist-sandbox-919b2384/build/Data/Aeson/Parser.o )
[14 of 16] Compiling Data.Aeson.Encode ( Data/Aeson/Encode.hs, dist/dist-sandbox-919b2384/build/Data/Aeson/Encode.o )
[15 of 16] Compiling Data.Aeson       ( Data/Aeson.hs, dist/dist-sandbox-919b2384/build/Data/Aeson.o )
[16 of 16] Compiling Data.Aeson.TH    ( Data/Aeson/TH.hs, dist/dist-sandbox-919b2384/build/Data/Aeson/TH.o )
Creating package registration file:
/tmp/pkgConf-aeson-0.11.2745425661396473730.0
Installing library in
/home/elektrik/dss/.cabal-sandbox/lib/x86_64-linux-ghc-8.0.1.20160521/aeson-0.11.2.0-2TqMx8tt4Nk6DF9hnBGMRj
Registering aeson-0.11.2.0...
cabal: Leaving directory '/tmp/cabal-tmp-3621/aeson-0.11.2.0'
