cabal: Entering directory '/tmp/cabal-tmp-3617/blaze-builder-0.4.0.2'
Configuring blaze-builder-0.4.0.2...
Building blaze-builder-0.4.0.2...
Preprocessing library blaze-builder-0.4.0.2...
[ 1 of 10] Compiling Blaze.ByteString.Builder.Internal.Write ( Blaze/ByteString/Builder/Internal/Write.hs, dist/dist-sandbox-919b2384/build/Blaze/ByteString/Builder/Internal/Write.o )
[ 2 of 10] Compiling Blaze.ByteString.Builder.Compat.Write ( Blaze/ByteString/Builder/Compat/Write.hs, dist/dist-sandbox-919b2384/build/Blaze/ByteString/Builder/Compat/Write.o )
[ 3 of 10] Compiling Blaze.ByteString.Builder.Char.Utf8 ( Blaze/ByteString/Builder/Char/Utf8.hs, dist/dist-sandbox-919b2384/build/Blaze/ByteString/Builder/Char/Utf8.o )
[ 4 of 10] Compiling Blaze.ByteString.Builder.Char8 ( Blaze/ByteString/Builder/Char8.hs, dist/dist-sandbox-919b2384/build/Blaze/ByteString/Builder/Char8.o )
[ 5 of 10] Compiling Blaze.ByteString.Builder.Html.Utf8 ( Blaze/ByteString/Builder/Html/Utf8.hs, dist/dist-sandbox-919b2384/build/Blaze/ByteString/Builder/Html/Utf8.o )
[ 6 of 10] Compiling Blaze.ByteString.Builder.ByteString ( Blaze/ByteString/Builder/ByteString.hs, dist/dist-sandbox-919b2384/build/Blaze/ByteString/Builder/ByteString.o )
[ 7 of 10] Compiling Blaze.ByteString.Builder.HTTP ( Blaze/ByteString/Builder/HTTP.hs, dist/dist-sandbox-919b2384/build/Blaze/ByteString/Builder/HTTP.o )
[ 8 of 10] Compiling Blaze.ByteString.Builder.Word ( Blaze/ByteString/Builder/Word.hs, dist/dist-sandbox-919b2384/build/Blaze/ByteString/Builder/Word.o )
[ 9 of 10] Compiling Blaze.ByteString.Builder.Int ( Blaze/ByteString/Builder/Int.hs, dist/dist-sandbox-919b2384/build/Blaze/ByteString/Builder/Int.o )
[10 of 10] Compiling Blaze.ByteString.Builder ( Blaze/ByteString/Builder.hs, dist/dist-sandbox-919b2384/build/Blaze/ByteString/Builder.o )
Creating package registration file:
/tmp/pkgConf-blaze-builder-0.4.0982906996135497281.2
Installing library in
/home/elektrik/dss/.cabal-sandbox/lib/x86_64-linux-ghc-8.0.1.20160521/blaze-builder-0.4.0.2-6Lw6V3wDhf3KDMasjNOEeG
Registering blaze-builder-0.4.0.2...
cabal: Leaving directory '/tmp/cabal-tmp-3617/blaze-builder-0.4.0.2'
