cabal: Entering directory '/tmp/cabal-tmp-19101/convertible-1.1.1.0'
Configuring convertible-1.1.1.0...
Building convertible-1.1.1.0...
Preprocessing library convertible-1.1.1.0...
[1 of 9] Compiling Data.Convertible.Base ( Data/Convertible/Base.hs, dist/dist-sandbox-919b2384/build/Data/Convertible/Base.o )

Data/Convertible/Base.hs:31:1: warning: [-Wdeprecations]
    Module ‘Control.Monad.Error’ is deprecated:
      Use Control.Monad.Except instead

Data/Convertible/Base.hs:92:10: warning: [-Wdeprecations]
    In the use of type constructor or class ‘Error’
    (imported from Control.Monad.Error, but defined in transformers-0.5.2.0:Control.Monad.Trans.Error):
    Deprecated: "Use Control.Monad.Trans.Except instead"

Data/Convertible/Base.hs:92:10: warning: [-Wdeprecations]
    In the use of type constructor or class ‘Error’
    (imported from Control.Monad.Error, but defined in transformers-0.5.2.0:Control.Monad.Trans.Error):
    Deprecated: "Use Control.Monad.Trans.Except instead"
[2 of 9] Compiling Data.Convertible.Utils ( Data/Convertible/Utils.hs, dist/dist-sandbox-919b2384/build/Data/Convertible/Utils.o )

Data/Convertible/Utils.hs:33:1: warning: [-Wredundant-constraints]
    • Redundant constraint: Ord a
    • In the type signature for:
           boundedConversion :: (Ord a, Bounded b, Show a, Show b,
                                 Convertible a Integer, Convertible b Integer, Typeable a,
                                 Typeable b) =>
                                (a -> ConvertResult b) -> a -> ConvertResult b
[3 of 9] Compiling Data.Convertible.Instances.Map ( Data/Convertible/Instances/Map.hs, dist/dist-sandbox-919b2384/build/Data/Convertible/Instances/Map.o )
[4 of 9] Compiling Data.Convertible.Instances.Num ( Data/Convertible/Instances/Num.hs, dist/dist-sandbox-919b2384/build/Data/Convertible/Instances/Num.o )
[5 of 9] Compiling Data.Convertible.Instances.C ( Data/Convertible/Instances/C.hs, dist/dist-sandbox-919b2384/build/Data/Convertible/Instances/C.o )
[6 of 9] Compiling Data.Convertible.Instances.Text ( Data/Convertible/Instances/Text.hs, dist/dist-sandbox-919b2384/build/Data/Convertible/Instances/Text.o )

Data/Convertible/Instances/Text.hs:41:1: warning: [-Wunused-imports]
    The import of ‘Data.Foldable’ is redundant
      except perhaps to import instances from ‘Data.Foldable’
    To import instances alone, use: import Data.Foldable()
[7 of 9] Compiling Data.Convertible.Instances.Time ( Data/Convertible/Instances/Time.hs, dist/dist-sandbox-919b2384/build/Data/Convertible/Instances/Time.o )
[8 of 9] Compiling Data.Convertible.Instances ( Data/Convertible/Instances.hs, dist/dist-sandbox-919b2384/build/Data/Convertible/Instances.o )
[9 of 9] Compiling Data.Convertible ( Data/Convertible.hs, dist/dist-sandbox-919b2384/build/Data/Convertible.o )
Creating package registration file:
/tmp/pkgConf-convertible-1.1.1608413784756898537.0
Installing library in
/home/elektrik/dss/.cabal-sandbox/lib/x86_64-linux-ghc-8.0.1.20160521/convertible-1.1.1.0-IJx0dFyBGQAKaAHbWUIPcX
Registering convertible-1.1.1.0...
cabal: Leaving directory '/tmp/cabal-tmp-19101/convertible-1.1.1.0'
