cabal: Entering directory '/tmp/cabal-tmp-18104/crypto-api-0.13.2'
Configuring crypto-api-0.13.2...
Building crypto-api-0.13.2...
Preprocessing library crypto-api-0.13.2...
[ 1 of 11] Compiling Crypto.CPoly     ( Crypto/CPoly.hs, dist/dist-sandbox-919b2384/build/Crypto/CPoly.o )
[ 2 of 11] Compiling Crypto.Types     ( Crypto/Types.hs, dist/dist-sandbox-919b2384/build/Crypto/Types.o )
[ 3 of 11] Compiling Crypto.Util      ( Crypto/Util.hs, dist/dist-sandbox-919b2384/build/Crypto/Util.o )
[ 4 of 11] Compiling Crypto.Random    ( Crypto/Random.hs, dist/dist-sandbox-919b2384/build/Crypto/Random.o )
[ 5 of 11] Compiling Crypto.Classes[boot] ( Crypto/Classes.hs-boot, dist/dist-sandbox-919b2384/build/Crypto/Classes.o-boot )
[ 6 of 11] Compiling Crypto.Modes[boot] ( Crypto/Modes.hs-boot, dist/dist-sandbox-919b2384/build/Crypto/Modes.o-boot )
[ 7 of 11] Compiling Crypto.Classes   ( Crypto/Classes.hs, dist/dist-sandbox-919b2384/build/Crypto/Classes.o )
[ 8 of 11] Compiling Crypto.HMAC      ( Crypto/HMAC.hs, dist/dist-sandbox-919b2384/build/Crypto/HMAC.o )
[ 9 of 11] Compiling Crypto.Padding   ( Crypto/Padding.hs, dist/dist-sandbox-919b2384/build/Crypto/Padding.o )
[10 of 11] Compiling Crypto.Classes.Exceptions ( Crypto/Classes/Exceptions.hs, dist/dist-sandbox-919b2384/build/Crypto/Classes/Exceptions.o )
[11 of 11] Compiling Crypto.Modes     ( Crypto/Modes.hs, dist/dist-sandbox-919b2384/build/Crypto/Modes.o )
Creating package registration file:
/tmp/pkgConf-crypto-api-0.13114161612484353895.2
Installing library in
/home/elektrik/dss/.cabal-sandbox/lib/x86_64-linux-ghc-8.0.1.20160521/crypto-api-0.13.2-43qwzr5mdUW4dKfeg7C9fn
Registering crypto-api-0.13.2...
cabal: Leaving directory '/tmp/cabal-tmp-18104/crypto-api-0.13.2'
