cabal: Entering directory '/tmp/cabal-tmp-3618/directory-1.2.6.3'
Configuring directory-1.2.6.3...
checking for gcc... /usr/bin/gcc
checking whether the C compiler works... yes
checking for C compiler default output file name... a.out
checking for suffix of executables... 
checking whether we are cross compiling... no
checking for suffix of object files... o
checking whether we are using the GNU C compiler... yes
checking whether /usr/bin/gcc accepts -g... yes
checking for /usr/bin/gcc option to accept ISO C89... none needed
checking how to run the C preprocessor... /usr/bin/gcc -E
checking for grep that handles long lines and -e... /bin/grep
checking for egrep... /bin/grep -E
checking for ANSI C header files... yes
checking for sys/types.h... yes
checking for sys/stat.h... yes
checking for stdlib.h... yes
checking for string.h... yes
checking for memory.h... yes
checking for strings.h... yes
checking for inttypes.h... yes
checking for stdint.h... yes
checking for unistd.h... yes
checking fcntl.h usability... yes
checking fcntl.h presence... yes
checking for fcntl.h... yes
checking limits.h usability... yes
checking limits.h presence... yes
checking for limits.h... yes
checking for sys/types.h... (cached) yes
checking for sys/stat.h... (cached) yes
checking time.h usability... yes
checking time.h presence... yes
checking for time.h... yes
checking for utimensat... yes
configure: creating ./config.status
config.status: creating HsDirectoryConfig.h
Building directory-1.2.6.3...
Preprocessing library directory-1.2.6.3...
[1 of 6] Compiling System.Directory.Internal.Windows ( dist/dist-sandbox-919b2384/build/System/Directory/Internal/Windows.hs, dist/dist-sandbox-919b2384/build/System/Directory/Internal/Windows.o )
[2 of 6] Compiling System.Directory.Internal.Posix ( dist/dist-sandbox-919b2384/build/System/Directory/Internal/Posix.hs, dist/dist-sandbox-919b2384/build/System/Directory/Internal/Posix.o )
[3 of 6] Compiling System.Directory.Internal.C_utimensat ( dist/dist-sandbox-919b2384/build/System/Directory/Internal/C_utimensat.hs, dist/dist-sandbox-919b2384/build/System/Directory/Internal/C_utimensat.o )
[4 of 6] Compiling System.Directory.Internal.Config ( System/Directory/Internal/Config.hs, dist/dist-sandbox-919b2384/build/System/Directory/Internal/Config.o )
[5 of 6] Compiling System.Directory.Internal ( System/Directory/Internal.hs, dist/dist-sandbox-919b2384/build/System/Directory/Internal.o )
[6 of 6] Compiling System.Directory ( System/Directory.hs, dist/dist-sandbox-919b2384/build/System/Directory.o )
Creating package registration file:
/tmp/pkgConf-directory-1.2.61143408282188213258.3
Installing library in
/home/elektrik/dss/.cabal-sandbox/lib/x86_64-linux-ghc-8.0.1.20160521/directory-1.2.6.3-92xPDBV9IysCuP7dhPFdrT
Registering directory-1.2.6.3...
cabal: Leaving directory '/tmp/cabal-tmp-3618/directory-1.2.6.3'
