cabal: Entering directory '/tmp/cabal-tmp-18107/hslogger-1.2.10'
Configuring hslogger-1.2.10...
Building hslogger-1.2.10...
Preprocessing library hslogger-1.2.10...
[1 of 8] Compiling System.Log       ( src/System/Log.hs, dist/dist-sandbox-919b2384/build/System/Log.o )
[2 of 8] Compiling System.Log.Formatter ( src/System/Log/Formatter.hs, dist/dist-sandbox-919b2384/build/System/Log/Formatter.o )
[3 of 8] Compiling System.Log.Handler ( src/System/Log/Handler.hs, dist/dist-sandbox-919b2384/build/System/Log/Handler.o )
[4 of 8] Compiling System.Log.Handler.Simple ( src/System/Log/Handler/Simple.hs, dist/dist-sandbox-919b2384/build/System/Log/Handler/Simple.o )
[5 of 8] Compiling System.Log.Handler.Syslog ( src/System/Log/Handler/Syslog.hs, dist/dist-sandbox-919b2384/build/System/Log/Handler/Syslog.o )
[6 of 8] Compiling System.Log.Handler.Growl ( src/System/Log/Handler/Growl.hs, dist/dist-sandbox-919b2384/build/System/Log/Handler/Growl.o )
[7 of 8] Compiling System.Log.Handler.Log4jXML ( src/System/Log/Handler/Log4jXML.hs, dist/dist-sandbox-919b2384/build/System/Log/Handler/Log4jXML.o )
[8 of 8] Compiling System.Log.Logger ( src/System/Log/Logger.hs, dist/dist-sandbox-919b2384/build/System/Log/Logger.o )

src/System/Log/Logger.hs:201:1: warning: [-Wdeprecations]
    Module ‘Control.Monad.Error’ is deprecated:
      Use Control.Monad.Except instead
Creating package registration file:
/tmp/pkgConf-hslogger-1.219374770841827336327.10
Installing library in
/home/elektrik/dss/.cabal-sandbox/lib/x86_64-linux-ghc-8.0.1.20160521/hslogger-1.2.10-90siWgRtOxJ5rv4PTI0M2K
Registering hslogger-1.2.10...
cabal: Leaving directory '/tmp/cabal-tmp-18107/hslogger-1.2.10'
