cabal: Entering directory '/tmp/cabal-tmp-3625/http2-1.4.5'
Configuring http2-1.4.5...
Building http2-1.4.5...
Preprocessing library http2-1.4.5...
[ 1 of 32] Compiling Network.HTTP2.Priority.PSQ ( Network/HTTP2/Priority/PSQ.hs, dist/dist-sandbox-919b2384/build/Network/HTTP2/Priority/PSQ.o )
[ 2 of 32] Compiling Network.HPACK.HeaderBlock.Integer ( Network/HPACK/HeaderBlock/Integer.hs, dist/dist-sandbox-919b2384/build/Network/HPACK/HeaderBlock/Integer.o )
[ 3 of 32] Compiling Network.HPACK.Huffman.Params ( Network/HPACK/Huffman/Params.hs, dist/dist-sandbox-919b2384/build/Network/HPACK/Huffman/Params.o )
[ 4 of 32] Compiling Network.HPACK.Huffman.ByteString ( Network/HPACK/Huffman/ByteString.hs, dist/dist-sandbox-919b2384/build/Network/HPACK/Huffman/ByteString.o )
[ 5 of 32] Compiling Network.HPACK.Huffman.Bit ( Network/HPACK/Huffman/Bit.hs, dist/dist-sandbox-919b2384/build/Network/HPACK/Huffman/Bit.o )
[ 6 of 32] Compiling Network.HPACK.Huffman.Table ( Network/HPACK/Huffman/Table.hs, dist/dist-sandbox-919b2384/build/Network/HPACK/Huffman/Table.o )
[ 7 of 32] Compiling Network.HPACK.Huffman.Tree ( Network/HPACK/Huffman/Tree.hs, dist/dist-sandbox-919b2384/build/Network/HPACK/Huffman/Tree.o )
[ 8 of 32] Compiling Network.HPACK.Huffman.Encode ( Network/HPACK/Huffman/Encode.hs, dist/dist-sandbox-919b2384/build/Network/HPACK/Huffman/Encode.o )
[ 9 of 32] Compiling Network.HPACK.Builder.Word8 ( Network/HPACK/Builder/Word8.hs, dist/dist-sandbox-919b2384/build/Network/HPACK/Builder/Word8.o )
[10 of 32] Compiling Network.HPACK.Builder ( Network/HPACK/Builder.hs, dist/dist-sandbox-919b2384/build/Network/HPACK/Builder.o )
[11 of 32] Compiling Network.HTTP2.Priority.Queue ( Network/HTTP2/Priority/Queue.hs, dist/dist-sandbox-919b2384/build/Network/HTTP2/Priority/Queue.o )
[12 of 32] Compiling Network.HTTP2.Types ( Network/HTTP2/Types.hs, dist/dist-sandbox-919b2384/build/Network/HTTP2/Types.o )
[13 of 32] Compiling Network.HTTP2.Priority ( Network/HTTP2/Priority.hs, dist/dist-sandbox-919b2384/build/Network/HTTP2/Priority.o )
[14 of 32] Compiling Network.HTTP2.Encode ( Network/HTTP2/Encode.hs, dist/dist-sandbox-919b2384/build/Network/HTTP2/Encode.o )
[15 of 32] Compiling Network.HTTP2.Decode ( Network/HTTP2/Decode.hs, dist/dist-sandbox-919b2384/build/Network/HTTP2/Decode.o )
[16 of 32] Compiling Network.HTTP2    ( Network/HTTP2.hs, dist/dist-sandbox-919b2384/build/Network/HTTP2.o )
[17 of 32] Compiling Network.HPACK.Types ( Network/HPACK/Types.hs, dist/dist-sandbox-919b2384/build/Network/HPACK/Types.o )
[18 of 32] Compiling Network.HPACK.Huffman.Decode ( Network/HPACK/Huffman/Decode.hs, dist/dist-sandbox-919b2384/build/Network/HPACK/Huffman/Decode.o )
[19 of 32] Compiling Network.HPACK.Huffman ( Network/HPACK/Huffman.hs, dist/dist-sandbox-919b2384/build/Network/HPACK/Huffman.o )
[20 of 32] Compiling Network.HPACK.HeaderBlock.HeaderField ( Network/HPACK/HeaderBlock/HeaderField.hs, dist/dist-sandbox-919b2384/build/Network/HPACK/HeaderBlock/HeaderField.o )
[21 of 32] Compiling Network.HPACK.HeaderBlock.String ( Network/HPACK/HeaderBlock/String.hs, dist/dist-sandbox-919b2384/build/Network/HPACK/HeaderBlock/String.o )
[22 of 32] Compiling Network.HPACK.HeaderBlock.Decode ( Network/HPACK/HeaderBlock/Decode.hs, dist/dist-sandbox-919b2384/build/Network/HPACK/HeaderBlock/Decode.o )
[23 of 32] Compiling Network.HPACK.HeaderBlock.Encode ( Network/HPACK/HeaderBlock/Encode.hs, dist/dist-sandbox-919b2384/build/Network/HPACK/HeaderBlock/Encode.o )
[24 of 32] Compiling Network.HPACK.Table.Entry ( Network/HPACK/Table/Entry.hs, dist/dist-sandbox-919b2384/build/Network/HPACK/Table/Entry.o )
[25 of 32] Compiling Network.HPACK.Table.Static ( Network/HPACK/Table/Static.hs, dist/dist-sandbox-919b2384/build/Network/HPACK/Table/Static.o )
[26 of 32] Compiling Network.HPACK.Table.RevIndex ( Network/HPACK/Table/RevIndex.hs, dist/dist-sandbox-919b2384/build/Network/HPACK/Table/RevIndex.o )
[27 of 32] Compiling Network.HPACK.Table.Dynamic ( Network/HPACK/Table/Dynamic.hs, dist/dist-sandbox-919b2384/build/Network/HPACK/Table/Dynamic.o )
[28 of 32] Compiling Network.HPACK.Table ( Network/HPACK/Table.hs, dist/dist-sandbox-919b2384/build/Network/HPACK/Table.o )
[29 of 32] Compiling Network.HPACK.HeaderBlock.From ( Network/HPACK/HeaderBlock/From.hs, dist/dist-sandbox-919b2384/build/Network/HPACK/HeaderBlock/From.o )
[30 of 32] Compiling Network.HPACK.HeaderBlock.To ( Network/HPACK/HeaderBlock/To.hs, dist/dist-sandbox-919b2384/build/Network/HPACK/HeaderBlock/To.o )
[31 of 32] Compiling Network.HPACK.HeaderBlock ( Network/HPACK/HeaderBlock.hs, dist/dist-sandbox-919b2384/build/Network/HPACK/HeaderBlock.o )
[32 of 32] Compiling Network.HPACK    ( Network/HPACK.hs, dist/dist-sandbox-919b2384/build/Network/HPACK.o )
Creating package registration file:
/tmp/pkgConf-http2-1.410966897722086206725.5
Installing library in
/home/elektrik/dss/.cabal-sandbox/lib/x86_64-linux-ghc-8.0.1.20160521/http2-1.4.5-FPxg3ydI0y0JI9YOXKAAOL
Registering http2-1.4.5...
cabal: Leaving directory '/tmp/cabal-tmp-3625/http2-1.4.5'
