cabal: Entering directory '/tmp/cabal-tmp-3620/iproute-1.7.0'
Configuring iproute-1.7.0...
Building iproute-1.7.0...
Preprocessing library iproute-1.7.0...
[1 of 8] Compiling Data.IP.Addr     ( Data/IP/Addr.hs, dist/dist-sandbox-919b2384/build/Data/IP/Addr.o )
[2 of 8] Compiling Data.IP.Mask     ( Data/IP/Mask.hs, dist/dist-sandbox-919b2384/build/Data/IP/Mask.o )
[3 of 8] Compiling Data.IP.Range    ( Data/IP/Range.hs, dist/dist-sandbox-919b2384/build/Data/IP/Range.o )
[4 of 8] Compiling Data.IP.Op       ( Data/IP/Op.hs, dist/dist-sandbox-919b2384/build/Data/IP/Op.o )

Data/IP/Op.hs:106:1: warning: [-Wredundant-constraints]
    • Redundant constraint: Addr a
    • In the type signature for:
           addrRangePair :: Addr a => AddrRange a -> (a, Int)
[5 of 8] Compiling Data.IP.Internal ( Data/IP/Internal.hs, dist/dist-sandbox-919b2384/build/Data/IP/Internal.o )
[6 of 8] Compiling Data.IP.RouteTable.Internal ( Data/IP/RouteTable/Internal.hs, dist/dist-sandbox-919b2384/build/Data/IP/RouteTable/Internal.o )

Data/IP/RouteTable/Internal.hs:103:1: warning: [-Wredundant-constraints]
    • Redundant constraint: Routable k
    • In the type signature for:
           empty :: Routable k => IPRTable k a

Data/IP/RouteTable/Internal.hs:187:1: warning: [-Wredundant-constraints]
    • Redundant constraint: Routable k
    • In the type signature for:
           node :: Routable k =>
                   AddrRange k
                   -> k -> Maybe a -> IPRTable k a -> IPRTable k a -> IPRTable k a

Data/IP/RouteTable/Internal.hs:271:1: warning: [-Wredundant-constraints]
    • Redundant constraint: Routable k
    • In the type signature for:
           Data.IP.RouteTable.Internal.toList :: Routable k =>
                                                 IPRTable k a -> [(AddrRange k, a)]
[7 of 8] Compiling Data.IP.RouteTable ( Data/IP/RouteTable.hs, dist/dist-sandbox-919b2384/build/Data/IP/RouteTable.o )
[8 of 8] Compiling Data.IP          ( Data/IP.hs, dist/dist-sandbox-919b2384/build/Data/IP.o )
Creating package registration file:
/tmp/pkgConf-iproute-1.78242728131662739668.0
Installing library in
/home/elektrik/dss/.cabal-sandbox/lib/x86_64-linux-ghc-8.0.1.20160521/iproute-1.7.0-AKxjONgM9mAGuNIJkKiAIp
Registering iproute-1.7.0...
cabal: Leaving directory '/tmp/cabal-tmp-3620/iproute-1.7.0'
