cabal: Entering directory '/tmp/cabal-tmp-3618/process-1.4.2.0'
Configuring process-1.4.2.0...
configure: WARNING: unrecognized options: --with-compiler
checking for gcc... /usr/bin/gcc
checking whether the C compiler works... yes
checking for C compiler default output file name... a.out
checking for suffix of executables... 
checking whether we are cross compiling... no
checking for suffix of object files... o
checking whether we are using the GNU C compiler... yes
checking whether /usr/bin/gcc accepts -g... yes
checking for /usr/bin/gcc option to accept ISO C89... none needed
checking how to run the C preprocessor... /usr/bin/gcc -E
checking for grep that handles long lines and -e... /bin/grep
checking for egrep... /bin/grep -E
checking for ANSI C header files... yes
checking for sys/types.h... yes
checking for sys/stat.h... yes
checking for stdlib.h... yes
checking for string.h... yes
checking for memory.h... yes
checking for strings.h... yes
checking for inttypes.h... yes
checking for stdint.h... yes
checking for unistd.h... yes
checking for pid_t... yes
checking vfork.h usability... no
checking vfork.h presence... no
checking for vfork.h... no
checking for fork... yes
checking for vfork... yes
checking for working fork... yes
checking for working vfork... (cached) yes
checking signal.h usability... yes
checking signal.h presence... yes
checking for signal.h... yes
checking sys/wait.h usability... yes
checking sys/wait.h presence... yes
checking for sys/wait.h... yes
checking fcntl.h usability... yes
checking fcntl.h presence... yes
checking for fcntl.h... yes
checking for setitimer... yes
checking for sysconf... yes
checking value of SIG_DFL... -1
checking value of SIG_IGN... -1
configure: creating ./config.status
config.status: creating include/HsProcessConfig.h
configure: WARNING: unrecognized options: --with-compiler
Building process-1.4.2.0...
Preprocessing library process-1.4.2.0...
[1 of 5] Compiling System.Process.Common ( System/Process/Common.hs, dist/dist-sandbox-919b2384/build/System/Process/Common.o )
[2 of 5] Compiling System.Process.Posix ( System/Process/Posix.hs, dist/dist-sandbox-919b2384/build/System/Process/Posix.o )
[3 of 5] Compiling System.Process.Internals ( System/Process/Internals.hs, dist/dist-sandbox-919b2384/build/System/Process/Internals.o )
[4 of 5] Compiling System.Process   ( dist/dist-sandbox-919b2384/build/System/Process.hs, dist/dist-sandbox-919b2384/build/System/Process.o )
[5 of 5] Compiling System.Cmd       ( System/Cmd.hs, dist/dist-sandbox-919b2384/build/System/Cmd.o )
Creating package registration file:
/tmp/pkgConf-process-1.4.2349517445588219756.0
Installing library in
/home/elektrik/dss/.cabal-sandbox/lib/x86_64-linux-ghc-8.0.1.20160521/process-1.4.2.0-Cvd7zi1WKrG4pvUNoxTQbx
Registering process-1.4.2.0...
cabal: Leaving directory '/tmp/cabal-tmp-3618/process-1.4.2.0'
