cabal: Entering directory '/tmp/cabal-tmp-3622/vault-0.3.0.6'
Configuring vault-0.3.0.6...
Building vault-0.3.0.6...
Preprocessing library vault-0.3.0.6...
[1 of 5] Compiling Data.Unique.Really ( src/Data/Unique/Really.hs, dist/dist-sandbox-919b2384/build/Data/Unique/Really.o )

src/Data/Unique/Really.hs:6:1: warning: [-Wunused-imports]
    The import of ‘Control.Applicative’ is redundant
      except perhaps to import instances from ‘Control.Applicative’
    To import instances alone, use: import Control.Applicative()
[2 of 5] Compiling Data.Vault.ST.Strict ( src/Data/Vault/ST/Strict.hs, dist/dist-sandbox-919b2384/build/Data/Vault/ST/Strict.o )

src/Data/Vault/ST/ST.hs:17:1: warning: [-Wunused-imports]
    The import of ‘Control.Applicative’ is redundant
      except perhaps to import instances from ‘Control.Applicative’
    To import instances alone, use: import Control.Applicative()
[3 of 5] Compiling Data.Vault.Strict ( src/Data/Vault/Strict.hs, dist/dist-sandbox-919b2384/build/Data/Vault/Strict.o )
[4 of 5] Compiling Data.Vault.ST.Lazy ( src/Data/Vault/ST/Lazy.hs, dist/dist-sandbox-919b2384/build/Data/Vault/ST/Lazy.o )

src/Data/Vault/ST/ST.hs:17:1: warning: [-Wunused-imports]
    The import of ‘Control.Applicative’ is redundant
      except perhaps to import instances from ‘Control.Applicative’
    To import instances alone, use: import Control.Applicative()
[5 of 5] Compiling Data.Vault.Lazy  ( src/Data/Vault/Lazy.hs, dist/dist-sandbox-919b2384/build/Data/Vault/Lazy.o )
Creating package registration file:
/tmp/pkgConf-vault-0.3.0706043324496987743.6
Installing library in
/home/elektrik/dss/.cabal-sandbox/lib/x86_64-linux-ghc-8.0.1.20160521/vault-0.3.0.6-8YkB8CR56Ee8y0oqjGuOyq
Registering vault-0.3.0.6...
cabal: Leaving directory '/tmp/cabal-tmp-3622/vault-0.3.0.6'
