cabal: Entering directory '/home/elektrik/zdbc/mysql/'
[1 of 1] Compiling Main             ( /home/elektrik/zdbc/mysql/dist/dist-sandbox-919b2384/setup/setup.hs, /home/elektrik/zdbc/mysql/dist/dist-sandbox-919b2384/setup/Main.o )
Linking /home/elektrik/zdbc/mysql/dist/dist-sandbox-919b2384/setup/setup ...
Configuring ZDBC-mysql-0.6.6.1...
["/usr/include/mysql"]
BuildInfo {buildable = True, buildTools = [], cppOptions = [], ccOptions = [], ldOptions = [], pkgconfigDepends = [], frameworks = [], extraFrameworkDirs = [], cSources = [], jsSources = [], hsSourceDirs = [], otherModules = [], defaultLanguage = Nothing, otherLanguages = [], defaultExtensions = [], otherExtensions = [], oldExtensions = [], extraLibs = [], extraGHCiLibs = [], extraLibDirs = [], includeDirs = ["/usr/include/mysql"], includes = [], installIncludes = [], options = [], profOptions = [], sharedOptions = [], customFieldsBI = [], targetBuildDepends = [], targetBuildRenaming = fromList []}
Building ZDBC-mysql-0.6.6.1...
Preprocessing library ZDBC-mysql-0.6.6.1...
[1 of 3] Compiling Database.ZDBC.MySQL.RTS ( dist/dist-sandbox-919b2384/build/Database/ZDBC/MySQL/RTS.hs, dist/dist-sandbox-919b2384/build/Database/ZDBC/MySQL/RTS.o )

Database/ZDBC/MySQL/RTS.hsc:45:10: warning: [-Wmissing-methods]
    • No explicit implementation for
        (either ‘peek’
                or
                ‘peekElemOff’
                or
                ‘peekByteOff’) and (either ‘poke’
                                           or
                                           ‘pokeElemOff’
                                           or
                                           ‘pokeByteOff’)
    • In the instance declaration for ‘Storable SigSet’
[2 of 3] Compiling Database.ZDBC.MySQL.Connection ( dist/dist-sandbox-919b2384/build/Database/ZDBC/MySQL/Connection.hs, dist/dist-sandbox-919b2384/build/Database/ZDBC/MySQL/Connection.o )

Database/ZDBC/MySQL/Connection.hsc:25:1: warning: [-Wunused-imports]
    The import of ‘System.IO.Unsafe’ is redundant
      except perhaps to import instances from ‘System.IO.Unsafe’
    To import instances alone, use: import System.IO.Unsafe()

Database/ZDBC/MySQL/Connection.hsc:496:1: warning: [-Wredundant-constraints]
    • Redundant constraint: Storable b
    • In the type signature for:
           bindOfSqlValue' :: (Integral a, Storable b) =>
                              a -> Ptr b -> CInt -> Signedness -> IO MYSQL_BIND
[3 of 3] Compiling Database.ZDBC.MySQL ( Database/ZDBC/MySQL.hs, dist/dist-sandbox-919b2384/build/Database/ZDBC/MySQL.o )
Creating package registration file:
/tmp/pkgConf-ZDBC-mysql-0.6.65965166491189641421.1
Installing library in
/home/elektrik/dss/.cabal-sandbox/lib/x86_64-linux-ghc-8.0.1.20160521/ZDBC-mysql-0.6.6.1-HQ0OlOTnnbIGHZHhWmtAhM
Registering ZDBC-mysql-0.6.6.1...
cabal: Leaving directory '/home/elektrik/zdbc/mysql/'
