cabal: Entering directory '/home/elektrik/zdbc/sqlite/'
Configuring ZDBC-sqlite3-2.3.3.0...
Building ZDBC-sqlite3-2.3.3.0...
Preprocessing library ZDBC-sqlite3-2.3.3.0...
[1 of 7] Compiling Database.ZDBC.Sqlite3.Types ( Database/ZDBC/Sqlite3/Types.hs, dist/dist-sandbox-919b2384/build/Database/ZDBC/Sqlite3/Types.o )
[2 of 7] Compiling Database.ZDBC.Sqlite3.Utils ( dist/dist-sandbox-919b2384/build/Database/ZDBC/Sqlite3/Utils.hs, dist/dist-sandbox-919b2384/build/Database/ZDBC/Sqlite3/Utils.o )
[3 of 7] Compiling Database.ZDBC.Sqlite3.Statement ( dist/dist-sandbox-919b2384/build/Database/ZDBC/Sqlite3/Statement.hs, dist/dist-sandbox-919b2384/build/Database/ZDBC/Sqlite3/Statement.o )
[4 of 7] Compiling Database.ZDBC.Sqlite3.ConnectionImpl ( Database/ZDBC/Sqlite3/ConnectionImpl.hs, dist/dist-sandbox-919b2384/build/Database/ZDBC/Sqlite3/ConnectionImpl.o )
[5 of 7] Compiling Database.ZDBC.Sqlite3.Connection ( Database/ZDBC/Sqlite3/Connection.hs, dist/dist-sandbox-919b2384/build/Database/ZDBC/Sqlite3/Connection.o )

Database/ZDBC/Sqlite3/Connection.hs:6:1: warning: [-Wtabs]
    Tab character found here.
    Please use spaces instead.

Database/ZDBC/Sqlite3/Connection.hs:64:17: warning: [-Wmissing-fields]
    • Fields of ‘Impl.Connection’ not initialised: createFunction
    • In the second argument of ‘($)’, namely
        ‘Impl.Connection
           {Impl.disconnect = fdisconnect obj children,
            Impl.begin = begin_transaction obj children,
            Impl.commit = fcommit obj children,
            Impl.rollback = frollback obj children,
            Impl.run = frun obj children, Impl.runRaw = frunRaw obj children,
            Impl.prepare = newSth obj children True,
            Impl.clone = connectSqlite3 fp, Impl.dbServerVer = ver,
            Impl.getTables = fgettables obj children,
            Impl.describeTable = fdescribeTable obj children,
            Impl.setBusyTimeout = fsetbusy obj,
            Impl.hdbcDriverName = "sqlite3", Impl.hdbcClientVer = ver,
            Impl.proxiedClientVer = ver, Impl.proxiedClientName = "sqlite3",
            Impl.dbTransactionSupport = True}’
      In a stmt of a 'do' block:
        return
        $ Impl.Connection
            {Impl.disconnect = fdisconnect obj children,
             Impl.begin = begin_transaction obj children,
             Impl.commit = fcommit obj children,
             Impl.rollback = frollback obj children,
             Impl.run = frun obj children, Impl.runRaw = frunRaw obj children,
             Impl.prepare = newSth obj children True,
             Impl.clone = connectSqlite3 fp, Impl.dbServerVer = ver,
             Impl.getTables = fgettables obj children,
             Impl.describeTable = fdescribeTable obj children,
             Impl.setBusyTimeout = fsetbusy obj,
             Impl.hdbcDriverName = "sqlite3", Impl.hdbcClientVer = ver,
             Impl.proxiedClientVer = ver, Impl.proxiedClientName = "sqlite3",
             Impl.dbTransactionSupport = True}
      In the expression:
        do { children <- newMVar [];
             ver <- (sqlite3_libversion >>= peekCString);
             return
             $ Impl.Connection
                 {Impl.disconnect = fdisconnect obj children,
                  Impl.begin = begin_transaction obj children,
                  Impl.commit = fcommit obj children,
                  Impl.rollback = frollback obj children,
                  Impl.run = frun obj children, Impl.runRaw = frunRaw obj children,
                  Impl.prepare = newSth obj children True,
                  Impl.clone = connectSqlite3 fp, Impl.dbServerVer = ver,
                  Impl.getTables = fgettables obj children,
                  Impl.describeTable = fdescribeTable obj children,
                  Impl.setBusyTimeout = fsetbusy obj,
                  Impl.hdbcDriverName = "sqlite3", Impl.hdbcClientVer = ver,
                  Impl.proxiedClientVer = ver, Impl.proxiedClientName = "sqlite3",
                  Impl.dbTransactionSupport = True} }
[6 of 7] Compiling Database.ZDBC.Sqlite3.Consts ( dist/dist-sandbox-919b2384/build/Database/ZDBC/Sqlite3/Consts.hs, dist/dist-sandbox-919b2384/build/Database/ZDBC/Sqlite3/Consts.o )
[7 of 7] Compiling Database.ZDBC.Sqlite3 ( Database/ZDBC/Sqlite3.hs, dist/dist-sandbox-919b2384/build/Database/ZDBC/Sqlite3.o )
Creating package registration file:
/tmp/pkgConf-ZDBC-sqlite3-2.3.37198853861649760492.0
Installing library in
/home/elektrik/dss/.cabal-sandbox/lib/x86_64-linux-ghc-8.0.1.20160521/ZDBC-sqlite3-2.3.3.0-KlR2YtnJrNT1efUW5D2xL5
Registering ZDBC-sqlite3-2.3.3.0...
cabal: Leaving directory '/home/elektrik/zdbc/sqlite/'
